{"C:\\Users\\omarm\\World cup\\WorldCup-tickets\\Shop\\app.js": {"path":"C:\\Users\\omarm\\World cup\\WorldCup-tickets\\Shop\\app.js","statementMap":{"0":{"start":{"line":19,"column":12},"end":{"line":19,"column":21}},"1":{"start":{"line":20,"column":0},"end":{"line":20,"column":16}},"2":{"start":{"line":21,"column":0},"end":{"line":21,"column":15}},"3":{"start":{"line":22,"column":20},"end":{"line":28,"column":2}},"4":{"start":{"line":29,"column":0},"end":{"line":29,"column":18}},"5":{"start":{"line":31,"column":0},"end":{"line":31,"column":21}},"6":{"start":{"line":33,"column":0},"end":{"line":45,"column":4}},"7":{"start":{"line":47,"column":0},"end":{"line":47,"column":43}},"8":{"start":{"line":48,"column":0},"end":{"line":48,"column":49}},"9":{"start":{"line":49,"column":0},"end":{"line":49,"column":16}},"10":{"start":{"line":51,"column":0},"end":{"line":51,"column":31}}},"fnMap":{},"branchMap":{},"s":{"0":1,"1":1,"2":1,"3":1,"4":1,"5":1,"6":1,"7":1,"8":1,"9":1,"10":1},"f":{},"b":{},"_coverageSchema":"1a1c01bbd47fc00a2c39e90264f33305004495a9","hash":"4ee86c181eb7cd243fd2d9907131adc3dbc828b2"}
,"C:\\Users\\omarm\\World cup\\WorldCup-tickets\\Shop\\index.js": {"path":"C:\\Users\\omarm\\World cup\\WorldCup-tickets\\Shop\\index.js","statementMap":{"0":{"start":{"line":4,"column":0},"end":{"line":4,"column":16}},"1":{"start":{"line":5,"column":13},"end":{"line":5,"column":37}},"2":{"start":{"line":7,"column":24},"end":{"line":10,"column":1}},"3":{"start":{"line":12,"column":28},"end":{"line":14,"column":1}},"4":{"start":{"line":13,"column":4},"end":{"line":13,"column":75}},"5":{"start":{"line":13,"column":27},"end":{"line":13,"column":74}},"6":{"start":{"line":16,"column":0},"end":{"line":16,"column":82}}},"fnMap":{"0":{"name":"(anonymous_0)","decl":{"start":{"line":12,"column":28},"end":{"line":12,"column":29}},"loc":{"start":{"line":12,"column":34},"end":{"line":14,"column":1}},"line":12},"1":{"name":"(anonymous_1)","decl":{"start":{"line":13,"column":21},"end":{"line":13,"column":22}},"loc":{"start":{"line":13,"column":27},"end":{"line":13,"column":74}},"line":13}},"branchMap":{"0":{"loc":{"start":{"line":5,"column":13},"end":{"line":5,"column":37}},"type":"binary-expr","locations":[{"start":{"line":5,"column":13},"end":{"line":5,"column":29}},{"start":{"line":5,"column":33},"end":{"line":5,"column":37}}],"line":5}},"s":{"0":1,"1":1,"2":1,"3":1,"4":1,"5":1,"6":1},"f":{"0":1,"1":1},"b":{"0":[1,0]},"_coverageSchema":"1a1c01bbd47fc00a2c39e90264f33305004495a9","hash":"ef2e18257264729cb791063699e459f8a73fc563"}
,"C:\\Users\\omarm\\World cup\\WorldCup-tickets\\Shop\\Models\\Matches.js": {"path":"C:\\Users\\omarm\\World cup\\WorldCup-tickets\\Shop\\Models\\Matches.js","statementMap":{"0":{"start":{"line":2,"column":19},"end":{"line":2,"column":27}},"1":{"start":{"line":5,"column":20},"end":{"line":61,"column":1}},"2":{"start":{"line":62,"column":16},"end":{"line":62,"column":65}}},"fnMap":{},"branchMap":{},"s":{"0":1,"1":1,"2":1},"f":{},"b":{},"_coverageSchema":"1a1c01bbd47fc00a2c39e90264f33305004495a9","hash":"cb7c7be6528773c6b2e594069123bbc2160232a1"}
,"C:\\Users\\omarm\\World cup\\WorldCup-tickets\\Shop\\controller\\matches.js": {"path":"C:\\Users\\omarm\\World cup\\WorldCup-tickets\\Shop\\controller\\matches.js","statementMap":{"0":{"start":{"line":4,"column":26},"end":{"line":11,"column":1}},"1":{"start":{"line":5,"column":4},"end":{"line":10,"column":5}},"2":{"start":{"line":6,"column":24},"end":{"line":6,"column":67}},"3":{"start":{"line":7,"column":8},"end":{"line":7,"column":38}},"4":{"start":{"line":9,"column":8},"end":{"line":9,"column":53}},"5":{"start":{"line":12,"column":24},"end":{"line":29,"column":1}},"6":{"start":{"line":13,"column":4},"end":{"line":28,"column":5}},"7":{"start":{"line":14,"column":24},"end":{"line":14,"column":34}},"8":{"start":{"line":15,"column":8},"end":{"line":24,"column":9}},"9":{"start":{"line":16,"column":28},"end":{"line":16,"column":135}},"10":{"start":{"line":17,"column":12},"end":{"line":17,"column":42}},"11":{"start":{"line":18,"column":14},"end":{"line":24,"column":9}},"12":{"start":{"line":19,"column":28},"end":{"line":19,"column":91}},"13":{"start":{"line":20,"column":12},"end":{"line":20,"column":42}},"14":{"start":{"line":23,"column":12},"end":{"line":23,"column":82}},"15":{"start":{"line":27,"column":8},"end":{"line":27,"column":53}},"16":{"start":{"line":30,"column":24},"end":{"line":43,"column":1}},"17":{"start":{"line":32,"column":4},"end":{"line":42,"column":5}},"18":{"start":{"line":33,"column":28},"end":{"line":33,"column":50}},"19":{"start":{"line":34,"column":22},"end":{"line":34,"column":73}},"20":{"start":{"line":35,"column":8},"end":{"line":38,"column":39}},"21":{"start":{"line":36,"column":12},"end":{"line":36,"column":64}},"22":{"start":{"line":38,"column":12},"end":{"line":38,"column":39}},"23":{"start":{"line":41,"column":8},"end":{"line":41,"column":53}},"24":{"start":{"line":44,"column":26},"end":{"line":63,"column":1}},"25":{"start":{"line":46,"column":4},"end":{"line":62,"column":5}},"26":{"start":{"line":47,"column":22},"end":{"line":47,"column":30}},"27":{"start":{"line":48,"column":21},"end":{"line":48,"column":77}},"28":{"start":{"line":49,"column":8},"end":{"line":59,"column":5}},"29":{"start":{"line":50,"column":33},"end":{"line":52,"column":29}},"30":{"start":{"line":53,"column":12},"end":{"line":53,"column":46}},"31":{"start":{"line":56,"column":25},"end":{"line":56,"column":43}},"32":{"start":{"line":57,"column":8},"end":{"line":57,"column":30}},"33":{"start":{"line":58,"column":8},"end":{"line":58,"column":36}},"34":{"start":{"line":61,"column":8},"end":{"line":61,"column":52}},"35":{"start":{"line":66,"column":27},"end":{"line":79,"column":1}},"36":{"start":{"line":67,"column":24},"end":{"line":67,"column":46}},"37":{"start":{"line":68,"column":4},"end":{"line":76,"column":5}},"38":{"start":{"line":69,"column":29},"end":{"line":71,"column":25}},"39":{"start":{"line":73,"column":8},"end":{"line":73,"column":42}},"40":{"start":{"line":75,"column":8},"end":{"line":75,"column":33}},"41":{"start":{"line":80,"column":34},"end":{"line":124,"column":1}},"42":{"start":{"line":82,"column":54},"end":{"line":82,"column":62}},"43":{"start":{"line":83,"column":4},"end":{"line":123,"column":5}},"44":{"start":{"line":84,"column":8},"end":{"line":96,"column":9}},"45":{"start":{"line":85,"column":31},"end":{"line":91,"column":29}},"46":{"start":{"line":92,"column":12},"end":{"line":92,"column":47}},"47":{"start":{"line":95,"column":12},"end":{"line":95,"column":57}},"48":{"start":{"line":98,"column":9},"end":{"line":123,"column":5}},"49":{"start":{"line":99,"column":8},"end":{"line":109,"column":9}},"50":{"start":{"line":100,"column":31},"end":{"line":104,"column":29}},"51":{"start":{"line":105,"column":12},"end":{"line":105,"column":47}},"52":{"start":{"line":108,"column":12},"end":{"line":108,"column":57}},"53":{"start":{"line":111,"column":9},"end":{"line":123,"column":5}},"54":{"start":{"line":112,"column":8},"end":{"line":122,"column":9}},"55":{"start":{"line":113,"column":31},"end":{"line":117,"column":29}},"56":{"start":{"line":118,"column":12},"end":{"line":118,"column":47}},"57":{"start":{"line":121,"column":12},"end":{"line":121,"column":57}}},"fnMap":{"0":{"name":"(anonymous_0)","decl":{"start":{"line":4,"column":26},"end":{"line":4,"column":27}},"loc":{"start":{"line":4,"column":46},"end":{"line":11,"column":1}},"line":4},"1":{"name":"(anonymous_1)","decl":{"start":{"line":12,"column":24},"end":{"line":12,"column":25}},"loc":{"start":{"line":12,"column":44},"end":{"line":29,"column":1}},"line":12},"2":{"name":"(anonymous_2)","decl":{"start":{"line":30,"column":24},"end":{"line":30,"column":25}},"loc":{"start":{"line":30,"column":44},"end":{"line":43,"column":1}},"line":30},"3":{"name":"(anonymous_3)","decl":{"start":{"line":44,"column":26},"end":{"line":44,"column":27}},"loc":{"start":{"line":44,"column":46},"end":{"line":63,"column":1}},"line":44},"4":{"name":"(anonymous_4)","decl":{"start":{"line":66,"column":27},"end":{"line":66,"column":28}},"loc":{"start":{"line":66,"column":47},"end":{"line":79,"column":1}},"line":66},"5":{"name":"(anonymous_5)","decl":{"start":{"line":80,"column":34},"end":{"line":80,"column":35}},"loc":{"start":{"line":80,"column":54},"end":{"line":124,"column":1}},"line":80}},"branchMap":{"0":{"loc":{"start":{"line":15,"column":8},"end":{"line":24,"column":9}},"type":"if","locations":[{"start":{"line":15,"column":8},"end":{"line":24,"column":9}},{"start":{"line":18,"column":14},"end":{"line":24,"column":9}}],"line":15},"1":{"loc":{"start":{"line":18,"column":14},"end":{"line":24,"column":9}},"type":"if","locations":[{"start":{"line":18,"column":14},"end":{"line":24,"column":9}},{"start":{"line":22,"column":12},"end":{"line":24,"column":9}}],"line":18},"2":{"loc":{"start":{"line":35,"column":8},"end":{"line":38,"column":39}},"type":"if","locations":[{"start":{"line":35,"column":8},"end":{"line":38,"column":39}},{"start":{"line":38,"column":12},"end":{"line":38,"column":39}}],"line":35},"3":{"loc":{"start":{"line":49,"column":8},"end":{"line":59,"column":5}},"type":"if","locations":[{"start":{"line":49,"column":8},"end":{"line":59,"column":5}},{"start":{"line":55,"column":12},"end":{"line":59,"column":5}}],"line":49},"4":{"loc":{"start":{"line":83,"column":4},"end":{"line":123,"column":5}},"type":"if","locations":[{"start":{"line":83,"column":4},"end":{"line":123,"column":5}},{"start":{"line":98,"column":9},"end":{"line":123,"column":5}}],"line":83},"5":{"loc":{"start":{"line":98,"column":9},"end":{"line":123,"column":5}},"type":"if","locations":[{"start":{"line":98,"column":9},"end":{"line":123,"column":5}},{"start":{"line":111,"column":9},"end":{"line":123,"column":5}}],"line":98},"6":{"loc":{"start":{"line":111,"column":9},"end":{"line":123,"column":5}},"type":"if","locations":[{"start":{"line":111,"column":9},"end":{"line":123,"column":5}},{"start":{},"end":{}}],"line":111}},"s":{"0":1,"1":0,"2":0,"3":0,"4":0,"5":1,"6":0,"7":0,"8":0,"9":0,"10":0,"11":0,"12":0,"13":0,"14":0,"15":0,"16":1,"17":0,"18":0,"19":0,"20":0,"21":0,"22":0,"23":0,"24":1,"25":0,"26":0,"27":0,"28":0,"29":0,"30":0,"31":0,"32":0,"33":0,"34":0,"35":1,"36":0,"37":0,"38":0,"39":0,"40":0,"41":1,"42":0,"43":0,"44":0,"45":0,"46":0,"47":0,"48":0,"49":0,"50":0,"51":0,"52":0,"53":0,"54":0,"55":0,"56":0,"57":0},"f":{"0":0,"1":0,"2":0,"3":0,"4":0,"5":0},"b":{"0":[0,0],"1":[0,0],"2":[0,0],"3":[0,0],"4":[0,0],"5":[0,0],"6":[0,0]},"_coverageSchema":"1a1c01bbd47fc00a2c39e90264f33305004495a9","hash":"bb0aade6f53c7804b4cbab8b840b469c34e4338e"}
,"C:\\Users\\omarm\\World cup\\WorldCup-tickets\\Shop\\routes\\matches.js": {"path":"C:\\Users\\omarm\\World cup\\WorldCup-tickets\\Shop\\routes\\matches.js","statementMap":{"0":{"start":{"line":4,"column":15},"end":{"line":4,"column":31}},"1":{"start":{"line":6,"column":0},"end":{"line":6,"column":26}},"2":{"start":{"line":7,"column":0},"end":{"line":7,"column":36}},"3":{"start":{"line":8,"column":0},"end":{"line":8,"column":42}},"4":{"start":{"line":9,"column":0},"end":{"line":9,"column":27}},"5":{"start":{"line":10,"column":0},"end":{"line":10,"column":46}},"6":{"start":{"line":11,"column":0},"end":{"line":11,"column":36}}},"fnMap":{},"branchMap":{},"s":{"0":1,"1":1,"2":1,"3":1,"4":1,"5":1,"6":1},"f":{},"b":{},"_coverageSchema":"1a1c01bbd47fc00a2c39e90264f33305004495a9","hash":"2b3b7f3020cc676f49dc9ddba490f4fe771841a6"}
}
